<?xml version="1.0" encoding="UTF-8"?>
<!-- Generated by org.testng.reporters.JUnitReportReporter -->
<testsuite hostname="DESKTOP-H00KT5A" failures="0" tests="6" name="com.crm.qa.testcases.ContactsPageTestCase" time="129.769" errors="0" timestamp="2020-09-17T15:47:45 IST" skipped="0">
  <testcase classname="com.crm.qa.testcases.ContactsPageTestCase" name="verifyConatactsLabelTest" time="18.060"/>
  <system-out/>
  <testcase classname="com.crm.qa.testcases.ContactsPageTestCase" name="selectContact" time="21.701"/>
  <system-out/>
  <testcase classname="com.crm.qa.testcases.ContactsPageTestCase" name="selectMultipleContacts" time="21.695"/>
  <system-out/>
  <testcase classname="com.crm.qa.testcases.ContactsPageTestCase" name="validateCreateNewContact" time="21.180"/>
  <system-out/>
  <testcase classname="com.crm.qa.testcases.ContactsPageTestCase" name="validateCreateNewContact" time="22.131"/>
  <system-out/>
  <testcase classname="com.crm.qa.testcases.ContactsPageTestCase" name="validateCreateNewContact" time="25.002"/>
  <system-out/>
</testsuite> <!-- com.crm.qa.testcases.ContactsPageTestCase -->
