<?xml version="1.0" encoding="UTF-8"?>
<!-- Generated by org.testng.reporters.JUnitReportReporter -->
<testsuite hostname="DESKTOP-H00KT5A" failures="0" tests="3" name="com.crm.qa.testcases.HomePageTestCase" time="55.662" errors="0" timestamp="2020-09-17T15:47:45 IST" skipped="0">
  <testcase classname="com.crm.qa.testcases.HomePageTestCase" name="verifyHomePageTitleTest" time="17.708"/>
  <system-out/>
  <testcase classname="com.crm.qa.testcases.HomePageTestCase" name="verifyUserNameTest" time="19.130"/>
  <system-out/>
  <testcase classname="com.crm.qa.testcases.HomePageTestCase" name="verifyContactTest" time="18.824"/>
  <system-out/>
</testsuite> <!-- com.crm.qa.testcases.HomePageTestCase -->
